<?xml version="1.0" encoding="UTF-8"?>
<testng-results ignored="0" total="1" passed="1" failed="0" skipped="0">
  <reporter-output>
  </reporter-output>
  <suite started-at="2024-08-07T00:19:34 IST" name="Default suite" finished-at="2024-08-07T00:21:01 IST" duration-ms="86960">
    <groups>
    </groups>
    <test started-at="2024-08-07T00:19:34 IST" name="Default test" finished-at="2024-08-07T00:21:01 IST" duration-ms="86960">
      <class name="javaPackage.ProfileUpload">
        <test-method signature="login()[pri:0, instance:javaPackage.ProfileUpload@6d4e5011]" started-at="2024-08-07T00:19:34 IST" name="login" finished-at="2024-08-07T00:21:01 IST" duration-ms="86856" status="PASS">
          <reporter-output>
          </reporter-output>
        </test-method> <!-- login -->
      </class> <!-- javaPackage.ProfileUpload -->
    </test> <!-- Default test -->
  </suite> <!-- Default suite -->
</testng-results>
